<?xml version="1.0" encoding="UTF-8"?>
<!-- Generated by org.testng.reporters.JUnitXMLReporter -->
<testsuite hostname="LanTian" ignored="0" name="用户管理系统测试用例" tests="7" failures="0" timestamp="21 七月 2020 04:28:04 GMT" time="10.943" errors="0">
  <testcase name="loginTrue" time="1.316" classname="com.tao.course.cases.LoginTest"/>
  <testcase name="loginFalse" time="0.054" classname="com.tao.course.cases.LoginTest"/>
  <testcase name="addUser" time="0.369" classname="com.tao.course.cases.AddUserTest"/>
  <testcase name="getUserInfo" time="2.179" classname="com.tao.course.cases.GetUserInfoTest"/>
  <testcase name="updateUserInfo" time="2.128" classname="com.tao.course.cases.UpdateUserInfoTest"/>
  <testcase name="deleteUser" time="2.052" classname="com.tao.course.cases.UpdateUserInfoTest"/>
  <testcase name="getUserListInfo" time="2.055" classname="com.tao.course.cases.GetUserInfoListTest"/>
</testsuite> <!-- 用户管理系统测试用例 -->
