<?xml version="1.0" encoding="UTF-8"?>
<testsuite xmlns:xsi="http://www.w3.org/2001/XMLSchema-instance" xsi:schemaLocation="https://maven.apache.org/surefire/maven-surefire-plugin/xsd/surefire-test-report.xsd" name="TestSuite" time="12.58" tests="7" errors="0" skipped="0" failures="0">
  <properties>
[...]
</properties>
  <testcase name="loginTrue" classname="com.tao.course.cases.LoginTest" time="1.316"/>
  <testcase name="loginFalse" classname="com.tao.course.cases.LoginTest" time="0.056"/>
  <testcase name="addUser" classname="com.tao.course.cases.AddUserTest" time="0.368"/>
  <testcase name="getUserInfo" classname="com.tao.course.cases.GetUserInfoTest" time="2.18"/>
  <testcase name="updateUserInfo" classname="com.tao.course.cases.UpdateUserInfoTest" time="2.127"/>
  <testcase name="deleteUser" classname="com.tao.course.cases.UpdateUserInfoTest" time="2.053"/>
  <testcase name="getUserListInfo" classname="com.tao.course.cases.GetUserInfoListTest" time="2.059"/>
</testsuite>