<?xml version="1.0" encoding="UTF-8"?>
<testng-results skipped="0" failed="0" ignored="0" total="7" passed="7">
  <reporter-output>
  </reporter-output>
  <suite name="用户管理系统测试套件" duration-ms="10943" started-at="2020-07-21T04:27:53Z" finished-at="2020-07-21T04:28:04Z">
    <groups>
      <group name="loginTrue">
        <method signature="LoginTest.loginTrue()[pri:0, instance:com.tao.course.cases.LoginTest@13969fbe]" name="loginTrue" class="com.tao.course.cases.LoginTest"/>
      </group> <!-- loginTrue -->
    </groups>
    <test name="用户管理系统测试用例" duration-ms="10943" started-at="2020-07-21T04:27:53Z" finished-at="2020-07-21T04:28:04Z">
      <class name="com.tao.course.cases.AddUserTest">
        <test-method status="PASS" signature="addUser()[pri:0, instance:com.tao.course.cases.AddUserTest@6aaa5eb0]" name="addUser" duration-ms="369" depends-on-groups="loginTrue" started-at="2020-07-21T04:27:55Z" description="娣诲姞鐢ㄦ埛鎺ュ彛鎺ュ彛" finished-at="2020-07-21T04:27:55Z">
          <reporter-output>
          </reporter-output>
        </test-method> <!-- addUser -->
      </class> <!-- com.tao.course.cases.AddUserTest -->
      <class name="com.tao.course.cases.GetUserInfoListTest">
        <test-method status="PASS" signature="getUserListInfo()[pri:0, instance:com.tao.course.cases.GetUserInfoListTest@3d8c7aca]" name="getUserListInfo" duration-ms="2055" depends-on-groups="loginTrue" started-at="2020-07-21T04:28:02Z" description="鑾峰彇鎬у埆涓虹敺鐨勭敤鎴蜂俊鎭�" finished-at="2020-07-21T04:28:04Z">
          <reporter-output>
          </reporter-output>
        </test-method> <!-- getUserListInfo -->
      </class> <!-- com.tao.course.cases.GetUserInfoListTest -->
      <class name="com.tao.course.cases.UpdateUserInfoTest">
        <test-method status="PASS" signature="updateUserInfo()[pri:0, instance:com.tao.course.cases.UpdateUserInfoTest@1a407d53]" name="updateUserInfo" duration-ms="2128" depends-on-groups="loginTrue" started-at="2020-07-21T04:27:58Z" description="鏇存敼鐢ㄦ埛淇℃伅" finished-at="2020-07-21T04:28:00Z">
          <reporter-output>
          </reporter-output>
        </test-method> <!-- updateUserInfo -->
        <test-method status="PASS" signature="deleteUser()[pri:0, instance:com.tao.course.cases.UpdateUserInfoTest@1a407d53]" name="deleteUser" duration-ms="2052" depends-on-groups="loginTrue" started-at="2020-07-21T04:28:00Z" description="鍒犻櫎鐢ㄦ埛" finished-at="2020-07-21T04:28:02Z">
          <reporter-output>
          </reporter-output>
        </test-method> <!-- deleteUser -->
      </class> <!-- com.tao.course.cases.UpdateUserInfoTest -->
      <class name="com.tao.course.cases.GetUserInfoTest">
        <test-method status="PASS" signature="getUserInfo()[pri:0, instance:com.tao.course.cases.GetUserInfoTest@3498ed]" name="getUserInfo" duration-ms="2179" depends-on-groups="loginTrue" started-at="2020-07-21T04:27:55Z" description="鑾峰彇userId涓�1鐨勭敤鎴蜂俊鎭�" finished-at="2020-07-21T04:27:58Z">
          <reporter-output>
          </reporter-output>
        </test-method> <!-- getUserInfo -->
      </class> <!-- com.tao.course.cases.GetUserInfoTest -->
      <class name="com.tao.course.cases.LoginTest">
        <test-method status="PASS" signature="beforeTest()[pri:0, instance:com.tao.course.cases.LoginTest@13969fbe]" name="beforeTest" is-config="true" duration-ms="771" started-at="2020-07-21T04:27:53Z" description="娴嬭瘯鍑嗗宸ヤ綔,鑾峰彇HttpClient瀵硅薄" finished-at="2020-07-21T04:27:54Z">
          <reporter-output>
          </reporter-output>
        </test-method> <!-- beforeTest -->
        <test-method status="PASS" signature="loginTrue()[pri:0, instance:com.tao.course.cases.LoginTest@13969fbe]" name="loginTrue" duration-ms="1316" started-at="2020-07-21T04:27:54Z" description="鐢ㄦ埛鎴愬姛鐧婚檰鎺ュ彛" finished-at="2020-07-21T04:27:55Z">
          <reporter-output>
          </reporter-output>
        </test-method> <!-- loginTrue -->
        <test-method status="PASS" signature="loginFalse()[pri:0, instance:com.tao.course.cases.LoginTest@13969fbe]" name="loginFalse" duration-ms="54" started-at="2020-07-21T04:27:55Z" description="鐢ㄦ埛鐧婚檰澶辫触鎺ュ彛" finished-at="2020-07-21T04:27:55Z">
          <reporter-output>
          </reporter-output>
        </test-method> <!-- loginFalse -->
      </class> <!-- com.tao.course.cases.LoginTest -->
    </test> <!-- 用户管理系统测试用例 -->
  </suite> <!-- 用户管理系统测试套件 -->
</testng-results>
